01-09-2020 20:53:42 INFO [Listener]: L:: The name of the method: To_read_All_parameters_from_the_xml_file
01-09-2020 20:53:42 INFO [Listener]: L:: The name of the method: OpenBrowserForJenkin
01-09-2020 20:53:48 INFO [Listener]: L:: The name of the method: LoginPage
01-09-2020 20:53:48 INFO [Listener]: L:: The name of the method: ClickOnNewItem
01-09-2020 20:53:48 INFO [Listener]: L:: The name of the method: EnterThenameofthenewProjectintheinputBox
01-09-2020 20:53:49 INFO [Listener]: L:: The name of the method: Select_maven_project_byclick
01-09-2020 20:53:49 INFO [Listener]: L:: The name of the method: Click_OK_after_Select_maven_project_byclick
01-09-2020 20:53:49 INFO [Listener]: L:: The name of the method: get_the_url_of_the_current_page
01-09-2020 20:53:49 INFO [Listener]: L:: The name of the method: Click_the_checkbox_This_project_is_parameterized
01-09-2020 20:53:49 INFO [Listener]: L:: The name of the method: click_the_check_box_for_Discard_old_builds
01-09-2020 20:53:49 INFO [Listener]: L:: The name of the method: Select_Choice_parameter_from_Add_Parameter_of_This_project_is_parameterized
01-09-2020 20:53:49 INFO [Listener]: L:: The name of the method: Type_Name_for_Choice_Parameter
01-09-2020 20:53:49 INFO [Listener]: L:: The name of the method: Type_Choices_for_Choice_Parameter
01-09-2020 20:53:49 INFO [Listener]: L:: The name of the method: Type_Goals_and_Options_in_BUILD
01-09-2020 20:53:49 INFO [Listener]: L:: The name of the method: Click_Advanced_Button_Of_BUILD
01-09-2020 20:53:49 INFO [Listener]: L:: The name of the method: Click_Custom_workspace_Checkbox
01-09-2020 20:53:49 INFO [Listener]: L:: The name of the method: Enter_text_to_Directory_Custom_workspace
01-09-2020 20:53:49 INFO [Listener]: L:: The name of the method: Click_the_floating_Apply_Button
01-09-2020 20:53:49 INFO [Listener]: L:: The name of the method: Click_the_floating_SAVE_Button
01-09-2020 20:53:49 INFO [Listener]: L:: The name of the method: Verify_that_project_is_created_successfully
01-09-2020 20:53:50 INFO [Listener]: L:: onFinish : Create New project of the type maven.
01-09-2020 20:55:19 INFO [Listener]: L:: The name of the method: To_read_All_parameters_from_the_xml_file
01-09-2020 20:55:19 INFO [Listener]: L:: The name of the method: OpenBrowserForJenkin
01-09-2020 20:55:23 INFO [Listener]: L:: The name of the method: LoginPage
01-09-2020 20:55:23 INFO [Listener]: L:: The name of the method: ClickOnNewItem
01-09-2020 20:55:23 INFO [Listener]: L:: The name of the method: EnterThenameofthenewProjectintheinputBox
01-09-2020 20:55:23 INFO [Listener]: L:: The name of the method: Select_maven_project_byclick
01-09-2020 20:55:23 INFO [Listener]: L:: The name of the method: Click_OK_after_Select_maven_project_byclick
01-09-2020 20:55:23 INFO [Listener]: L:: The name of the method: get_the_url_of_the_current_page
01-09-2020 20:55:23 INFO [Listener]: L:: The name of the method: Click_the_checkbox_This_project_is_parameterized
01-09-2020 20:55:23 INFO [Listener]: L:: The name of the method: click_the_check_box_for_Discard_old_builds
01-09-2020 20:55:23 INFO [Listener]: L:: The name of the method: Select_Choice_parameter_from_Add_Parameter_of_This_project_is_parameterized
01-09-2020 20:55:23 INFO [Listener]: L:: The name of the method: Type_Name_for_Choice_Parameter
01-09-2020 20:55:23 INFO [Listener]: L:: The name of the method: Type_Choices_for_Choice_Parameter
01-09-2020 20:55:23 INFO [Listener]: L:: The name of the method: Type_Goals_and_Options_in_BUILD
01-09-2020 20:55:23 INFO [Listener]: L:: The name of the method: Click_Advanced_Button_Of_BUILD
01-09-2020 20:55:23 INFO [Listener]: L:: The name of the method: Click_Custom_workspace_Checkbox
01-09-2020 20:55:23 INFO [Listener]: L:: The name of the method: Enter_text_to_Directory_Custom_workspace
01-09-2020 20:55:23 INFO [Listener]: L:: The name of the method: Click_the_floating_Apply_Button
01-09-2020 20:55:23 INFO [Listener]: L:: The name of the method: Click_the_floating_SAVE_Button
01-09-2020 20:55:23 INFO [Listener]: L:: The name of the method: Verify_that_project_is_created_successfully
01-09-2020 20:55:23 INFO [Listener]: L:: onFinish : Create New project of the type maven.
01-09-2020 20:57:03 INFO [Listener]: L:: The name of the method: To_read_All_parameters_from_the_xml_file
01-09-2020 20:57:03 INFO [Listener]: L:: The name of the method: OpenBrowserForJenkin
01-09-2020 20:57:11 INFO [Listener]: L:: The name of the method: LoginPage
01-09-2020 20:57:14 INFO [Listener]: L:: The name of the method: ClickOnNewItem
01-09-2020 20:57:17 INFO [Listener]: L:: The name of the method: EnterThenameofthenewProjectintheinputBox
01-09-2020 20:57:18 INFO [Listener]: L:: The name of the method: Select_maven_project_byclick
01-09-2020 20:57:18 INFO [Listener]: L:: The name of the method: Click_OK_after_Select_maven_project_byclick
01-09-2020 20:57:37 INFO [Listener]: L:: The name of the method: get_the_url_of_the_current_page
01-09-2020 20:57:42 INFO [Listener]: L:: The name of the method: Click_the_checkbox_This_project_is_parameterized
01-09-2020 20:57:42 INFO [Listener]: L:: The name of the method: click_the_check_box_for_Discard_old_builds
01-09-2020 20:57:43 INFO [Listener]: L:: The name of the method: Select_Choice_parameter_from_Add_Parameter_of_This_project_is_parameterized
01-09-2020 20:57:43 INFO [Listener]: L:: The name of the method: Type_Name_for_Choice_Parameter
01-09-2020 20:57:45 INFO [Listener]: L:: The name of the method: Type_Choices_for_Choice_Parameter
01-09-2020 20:57:45 INFO [Listener]: L:: The name of the method: Type_Goals_and_Options_in_BUILD
01-09-2020 20:57:46 INFO [Listener]: L:: The name of the method: Click_Advanced_Button_Of_BUILD
01-09-2020 20:57:46 INFO [Listener]: L:: The name of the method: Click_Custom_workspace_Checkbox
01-09-2020 20:57:46 INFO [Listener]: L:: The name of the method: Enter_text_to_Directory_Custom_workspace
01-09-2020 20:57:46 INFO [Listener]: L:: The name of the method: Click_the_floating_Apply_Button
01-09-2020 20:57:47 INFO [Listener]: L:: The name of the method: Click_the_floating_SAVE_Button
01-09-2020 20:57:49 INFO [Listener]: L:: The name of the method: Verify_that_project_is_created_successfully
01-09-2020 20:57:51 INFO [Listener]: L:: onFinish : Create New project of the type maven.
01-09-2020 21:00:06 INFO [Listener]: L:: The name of the method: To_read_All_parameters_from_the_xml_file
01-09-2020 21:00:06 INFO [Listener]: L:: The name of the method: OpenBrowserForJenkin
01-09-2020 21:00:13 INFO [Listener]: L:: The name of the method: LoginPage
01-09-2020 21:00:16 INFO [Listener]: L:: The name of the method: ClickOnNewItem
01-09-2020 21:00:19 INFO [Listener]: L:: The name of the method: EnterThenameofthenewProjectintheinputBox
01-09-2020 21:00:19 INFO [Listener]: L:: The name of the method: Select_maven_project_byclick
01-09-2020 21:00:19 INFO [Listener]: L:: The name of the method: Click_OK_after_Select_maven_project_byclick
01-09-2020 21:00:20 INFO [Listener]: L:: The name of the method: get_the_url_of_the_current_page
01-09-2020 21:00:20 INFO [Listener]: L:: The name of the method: Click_the_checkbox_This_project_is_parameterized
01-09-2020 21:00:21 INFO [Listener]: L:: The name of the method: click_the_check_box_for_Discard_old_builds
01-09-2020 21:00:21 INFO [Listener]: L:: The name of the method: Select_Choice_parameter_from_Add_Parameter_of_This_project_is_parameterized
01-09-2020 21:00:21 INFO [Listener]: L:: The name of the method: Type_Name_for_Choice_Parameter
01-09-2020 21:00:23 INFO [Listener]: L:: The name of the method: Type_Choices_for_Choice_Parameter
01-09-2020 21:00:23 INFO [Listener]: L:: The name of the method: Type_Goals_and_Options_in_BUILD
01-09-2020 21:00:23 INFO [Listener]: L:: The name of the method: Click_Advanced_Button_Of_BUILD
01-09-2020 21:00:23 INFO [Listener]: L:: The name of the method: Click_Custom_workspace_Checkbox
01-09-2020 21:00:25 INFO [Listener]: L:: The name of the method: Enter_text_to_Directory_Custom_workspace
01-09-2020 21:00:25 INFO [Listener]: L:: The name of the method: Click_the_floating_Apply_Button
01-09-2020 21:00:27 INFO [Listener]: L:: The name of the method: Click_the_floating_SAVE_Button
01-09-2020 21:00:27 INFO [Listener]: L:: The name of the method: Verify_that_project_is_created_successfully
01-09-2020 21:00:36 INFO [Listener]: L:: onFinish : Create New project of the type maven.
